  [1m[35m (126.9ms)[0m  [1m[35mCREATE DATABASE "my_cats_development" ENCODING = 'unicode'[0m
  ↳ bin/rails:9
  [1m[35m (164.1ms)[0m  [1m[35mCREATE DATABASE "my_cats_test" ENCODING = 'unicode'[0m
  ↳ bin/rails:9
  [1m[35m (11.5ms)[0m  [1m[35mCREATE TABLE "schema_migrations" ("version" character varying NOT NULL PRIMARY KEY)[0m
  ↳ bin/rails:9
  [1m[35m (8.0ms)[0m  [1m[35mCREATE TABLE "ar_internal_metadata" ("key" character varying NOT NULL PRIMARY KEY, "value" character varying, "created_at" timestamp NOT NULL, "updated_at" timestamp NOT NULL)[0m
  ↳ bin/rails:9
  [1m[35m (0.2ms)[0m  [1m[34mSELECT pg_try_advisory_lock(6661817885638435380)[0m
  ↳ bin/rails:9
  [1m[35m (0.5ms)[0m  [1m[34mSELECT "schema_migrations"."version" FROM "schema_migrations" ORDER BY "schema_migrations"."version" ASC[0m
  ↳ bin/rails:9
Migrating to CreateCats (20220704165357)
  [1m[35m (0.2ms)[0m  [1m[35mBEGIN[0m
  ↳ bin/rails:9
  [1m[35m (9.0ms)[0m  [1m[35mCREATE TABLE "cats" ("id" bigserial primary key, "birth_date" date NOT NULL, "color" character varying NOT NULL, "name" character varying NOT NULL, "sex" character varying(1) NOT NULL, "description" text NOT NULL, "created_at" timestamp NOT NULL, "updated_at" timestamp NOT NULL)[0m
  ↳ db/migrate/20220704165357_create_cats.rb:3
  [1m[36mActiveRecord::SchemaMigration Create (0.6ms)[0m  [1m[32mINSERT INTO "schema_migrations" ("version") VALUES ($1) RETURNING "version"[0m  [["version", "20220704165357"]]
  ↳ bin/rails:9
  [1m[35m (7.6ms)[0m  [1m[35mCOMMIT[0m
  ↳ bin/rails:9
  [1m[36mActiveRecord::InternalMetadata Load (0.2ms)[0m  [1m[34mSELECT  "ar_internal_metadata".* FROM "ar_internal_metadata" WHERE "ar_internal_metadata"."key" = $1 LIMIT $2[0m  [["key", "environment"], ["LIMIT", 1]]
  ↳ bin/rails:9
  [1m[35m (0.3ms)[0m  [1m[35mBEGIN[0m
  ↳ bin/rails:9
  [1m[36mActiveRecord::InternalMetadata Create (0.5ms)[0m  [1m[32mINSERT INTO "ar_internal_metadata" ("key", "value", "created_at", "updated_at") VALUES ($1, $2, $3, $4) RETURNING "key"[0m  [["key", "environment"], ["value", "development"], ["created_at", "2022-07-04 16:59:18.192782"], ["updated_at", "2022-07-04 16:59:18.192782"]]
  ↳ bin/rails:9
  [1m[35m (3.1ms)[0m  [1m[35mCOMMIT[0m
  ↳ bin/rails:9
  [1m[35m (0.3ms)[0m  [1m[34mSELECT pg_advisory_unlock(6661817885638435380)[0m
  ↳ bin/rails:9
  [1m[35m (0.2ms)[0m  [1m[34mSELECT "schema_migrations"."version" FROM "schema_migrations" ORDER BY "schema_migrations"."version" ASC[0m
  ↳ bin/rails:9
  [1m[35m (0.6ms)[0m  [1m[34mSELECT "schema_migrations"."version" FROM "schema_migrations" ORDER BY "schema_migrations"."version" ASC[0m
  ↳ /home/rizwan/.rbenv/versions/2.5.1/bin/annotate:25
Started GET "/" for ::1 at 2022-07-04 13:53:27 -0400
  [1m[35m (0.5ms)[0m  [1m[34mSELECT "schema_migrations"."version" FROM "schema_migrations" ORDER BY "schema_migrations"."version" ASC[0m
  ↳ /home/rizwan/.rbenv/versions/2.5.1/lib/ruby/gems/2.5.0/gems/activerecord-5.2.8/lib/active_record/log_subscriber.rb:98
Processing by Rails::WelcomeController#index as HTML
  Rendering /home/rizwan/.rbenv/versions/2.5.1/lib/ruby/gems/2.5.0/gems/railties-5.2.8/lib/rails/templates/rails/welcome/index.html.erb
  Rendered /home/rizwan/.rbenv/versions/2.5.1/lib/ruby/gems/2.5.0/gems/railties-5.2.8/lib/rails/templates/rails/welcome/index.html.erb (2.6ms)
Completed 200 OK in 13ms (Views: 8.7ms | ActiveRecord: 0.0ms)


Started GET "/cats" for ::1 at 2022-07-04 13:53:32 -0400
Processing by CatsController#index as HTML
  Rendering cats/index.html.erb within layouts/application
  [1m[36mCat Load (0.5ms)[0m  [1m[34mSELECT "cats".* FROM "cats"[0m
  ↳ app/views/cats/index.html.erb:4
  Rendered collection of templates [0 times] (0.0ms)
  Rendered cats/index.html.erb within layouts/application (5.3ms)
Completed 200 OK in 1644ms (Views: 1585.7ms | ActiveRecord: 1.8ms)


Started GET "/cat/1" for ::1 at 2022-07-04 13:53:48 -0400
  
ActionController::RoutingError (No route matches [GET] "/cat/1"):
  
actionpack (5.2.8) lib/action_dispatch/middleware/debug_exceptions.rb:65:in `call'
web-console (3.7.0) lib/web_console/middleware.rb:135:in `call_app'
web-console (3.7.0) lib/web_console/middleware.rb:30:in `block in call'
web-console (3.7.0) lib/web_console/middleware.rb:20:in `catch'
web-console (3.7.0) lib/web_console/middleware.rb:20:in `call'
actionpack (5.2.8) lib/action_dispatch/middleware/show_exceptions.rb:33:in `call'
railties (5.2.8) lib/rails/rack/logger.rb:38:in `call_app'
railties (5.2.8) lib/rails/rack/logger.rb:26:in `block in call'
activesupport (5.2.8) lib/active_support/tagged_logging.rb:71:in `block in tagged'
activesupport (5.2.8) lib/active_support/tagged_logging.rb:28:in `tagged'
activesupport (5.2.8) lib/active_support/tagged_logging.rb:71:in `tagged'
railties (5.2.8) lib/rails/rack/logger.rb:26:in `call'
sprockets-rails (3.4.2) lib/sprockets/rails/quiet_assets.rb:13:in `call'
actionpack (5.2.8) lib/action_dispatch/middleware/remote_ip.rb:81:in `call'
actionpack (5.2.8) lib/action_dispatch/middleware/request_id.rb:27:in `call'
rack (2.2.4) lib/rack/method_override.rb:24:in `call'
rack (2.2.4) lib/rack/runtime.rb:22:in `call'
activesupport (5.2.8) lib/active_support/cache/strategy/local_cache_middleware.rb:29:in `call'
actionpack (5.2.8) lib/action_dispatch/middleware/executor.rb:14:in `call'
actionpack (5.2.8) lib/action_dispatch/middleware/static.rb:127:in `call'
rack (2.2.4) lib/rack/sendfile.rb:110:in `call'
railties (5.2.8) lib/rails/engine.rb:524:in `call'
puma (3.12.6) lib/puma/configuration.rb:227:in `call'
puma (3.12.6) lib/puma/server.rb:706:in `handle_request'
puma (3.12.6) lib/puma/server.rb:476:in `process_client'
puma (3.12.6) lib/puma/server.rb:334:in `block in run'
puma (3.12.6) lib/puma/thread_pool.rb:135:in `block in spawn_thread'
Started GET "/cats/1" for ::1 at 2022-07-04 13:53:59 -0400
Processing by CatsController#show as HTML
  Parameters: {"id"=>"1"}
  [1m[36mCat Load (0.4ms)[0m  [1m[34mSELECT  "cats".* FROM "cats" WHERE "cats"."id" = $1 LIMIT $2[0m  [["id", 1], ["LIMIT", 1]]
  ↳ app/controllers/cats_controller.rb:9
Completed 404 Not Found in 10ms (ActiveRecord: 3.4ms)



ActiveRecord::RecordNotFound - Couldn't find Cat with 'id'=1:
  app/controllers/cats_controller.rb:9:in `show'

Started POST "/__better_errors/13735bd3fdcfdb23/variables" for ::1 at 2022-07-04 13:53:59 -0400
Started GET "/" for ::1 at 2022-07-04 14:35:25 -0400
  [1m[35m (0.4ms)[0m  [1m[34mSELECT "schema_migrations"."version" FROM "schema_migrations" ORDER BY "schema_migrations"."version" ASC[0m
  ↳ /home/rizwan/.rbenv/versions/2.5.1/lib/ruby/gems/2.5.0/gems/activerecord-5.2.8/lib/active_record/log_subscriber.rb:98
Processing by Rails::WelcomeController#index as HTML
  Rendering /home/rizwan/.rbenv/versions/2.5.1/lib/ruby/gems/2.5.0/gems/railties-5.2.8/lib/rails/templates/rails/welcome/index.html.erb
  Rendered /home/rizwan/.rbenv/versions/2.5.1/lib/ruby/gems/2.5.0/gems/railties-5.2.8/lib/rails/templates/rails/welcome/index.html.erb (1.8ms)
Completed 200 OK in 8ms (Views: 4.5ms | ActiveRecord: 0.0ms)


Started GET "/cats" for ::1 at 2022-07-04 14:35:29 -0400
Processing by CatsController#index as HTML
  Rendering cats/index.html.erb within layouts/application
  [1m[36mCat Load (0.6ms)[0m  [1m[34mSELECT "cats".* FROM "cats"[0m
  ↳ app/views/cats/index.html.erb:4
  Rendered collection of templates [0 times] (0.0ms)
  Rendered cats/index.html.erb within layouts/application (4.9ms)
Completed 200 OK in 991ms (Views: 929.5ms | ActiveRecord: 1.8ms)


Started GET "/cats/new" for ::1 at 2022-07-04 14:35:37 -0400
Processing by CatsController#new as HTML
  Rendering cats/new.html.erb within layouts/application
  Rendered cats/new.html.erb within layouts/application (297.3ms)
Completed 500 Internal Server Error in 478ms (ActiveRecord: 1.9ms)



NameError - undefined local variable or method `books_url' for #<#<Class:0x000056271bfcdaf8>:0x00007f05a80a3e58>:
  app/views/cats/new.html.erb:3:in `_app_views_cats_new_html_erb__2364805849765896330_69831135401420'
  app/controllers/cats_controller.rb:9:in `new'

Started POST "/__better_errors/e8509de279e94b14/variables" for ::1 at 2022-07-04 14:35:38 -0400
Started GET "/cats/new" for ::1 at 2022-07-04 14:36:06 -0400
Processing by CatsController#new as HTML
  Rendering cats/new.html.erb within layouts/application
  Rendered cats/new.html.erb within layouts/application (470.3ms)
Completed 500 Internal Server Error in 622ms (ActiveRecord: 0.0ms)



NameError - undefined local variable or method `cat' for #<#<Class:0x000056271bfcdaf8>:0x00007f059996c828>
Did you mean?  @cat:
  app/views/cats/new.html.erb:15:in `block in _app_views_cats_new_html_erb__2364805849765896330_69831014152860'
  app/views/cats/new.html.erb:13:in `_app_views_cats_new_html_erb__2364805849765896330_69831014152860'
  app/controllers/cats_controller.rb:9:in `new'

Started POST "/__better_errors/36d46b93c0659d7e/variables" for ::1 at 2022-07-04 14:36:07 -0400
Started GET "/cats/new" for ::1 at 2022-07-04 14:36:39 -0400
Processing by CatsController#new as HTML
  Rendering cats/new.html.erb within layouts/application
  Rendered cats/new.html.erb within layouts/application (0.7ms)
Completed 200 OK in 384ms (Views: 383.6ms | ActiveRecord: 0.0ms)


Started POST "/cats" for ::1 at 2022-07-04 14:37:24 -0400
Processing by CatsController#create as HTML
  Parameters: {"cat"=>{"birth_date"=>"2022-06-09", "name"=>"victor", "color"=>"orange", "sex"=>"F", "description"=>""}}
  [1m[35m (0.2ms)[0m  [1m[35mBEGIN[0m
  ↳ app/controllers/cats_controller.rb:14
  [1m[35m (0.2ms)[0m  [1m[31mROLLBACK[0m
  ↳ app/controllers/cats_controller.rb:14
  Rendering cats/new.html.erb within layouts/application
  Rendered cats/new.html.erb within layouts/application (1.6ms)
Completed 200 OK in 478ms (Views: 325.0ms | ActiveRecord: 0.4ms)


Started POST "/cats" for ::1 at 2022-07-04 14:37:31 -0400
Processing by CatsController#create as HTML
  Parameters: {"cat"=>{"birth_date"=>"2022-06-09", "name"=>"victor", "color"=>"orange", "sex"=>"M", "description"=>""}}
  [1m[35m (0.2ms)[0m  [1m[35mBEGIN[0m
  ↳ app/controllers/cats_controller.rb:14
  [1m[35m (0.3ms)[0m  [1m[31mROLLBACK[0m
  ↳ app/controllers/cats_controller.rb:14
  Rendering cats/new.html.erb within layouts/application
  Rendered cats/new.html.erb within layouts/application (0.6ms)
Completed 200 OK in 323ms (Views: 318.3ms | ActiveRecord: 0.5ms)


Started POST "/cats" for ::1 at 2022-07-04 14:37:42 -0400
Processing by CatsController#create as HTML
  Parameters: {"cat"=>{"birth_date"=>"2022-06-09", "name"=>"victor", "color"=>"orange", "sex"=>"M", "description"=>"fattest cat of them all"}}
  [1m[35m (0.2ms)[0m  [1m[35mBEGIN[0m
  ↳ app/controllers/cats_controller.rb:14
  [1m[36mCat Create (0.6ms)[0m  [1m[32mINSERT INTO "cats" ("birth_date", "color", "name", "sex", "description", "created_at", "updated_at") VALUES ($1, $2, $3, $4, $5, $6, $7) RETURNING "id"[0m  [["birth_date", "2022-06-09"], ["color", "orange"], ["name", "victor"], ["sex", "M"], ["description", "fattest cat of them all"], ["created_at", "2022-07-04 18:37:42.448032"], ["updated_at", "2022-07-04 18:37:42.448032"]]
  ↳ app/controllers/cats_controller.rb:14
  [1m[35m (7.1ms)[0m  [1m[35mCOMMIT[0m
  ↳ app/controllers/cats_controller.rb:14
Redirected to http://localhost:3000/cats/1
Completed 302 Found in 13ms (ActiveRecord: 7.9ms)


Started GET "/cats/1" for ::1 at 2022-07-04 14:37:42 -0400
Processing by CatsController#show as HTML
  Parameters: {"id"=>"1"}
  [1m[36mCat Load (0.2ms)[0m  [1m[34mSELECT  "cats".* FROM "cats" WHERE "cats"."id" = $1 LIMIT $2[0m  [["id", 1], ["LIMIT", 1]]
  ↳ app/controllers/cats_controller.rb:27
  Rendering cats/show.html.erb within layouts/application
  Rendered cats/show.html.erb within layouts/application (0.8ms)
Completed 200 OK in 290ms (Views: 286.5ms | ActiveRecord: 0.5ms)


Started GET "/cats/1" for ::1 at 2022-07-04 14:38:17 -0400
Processing by CatsController#show as HTML
  Parameters: {"id"=>"1"}
  [1m[36mCat Load (0.4ms)[0m  [1m[34mSELECT  "cats".* FROM "cats" WHERE "cats"."id" = $1 LIMIT $2[0m  [["id", 1], ["LIMIT", 1]]
  ↳ app/controllers/cats_controller.rb:27
  Rendering cats/show.html.erb within layouts/application
  Rendered cats/show.html.erb within layouts/application (0.7ms)
Completed 200 OK in 312ms (Views: 309.2ms | ActiveRecord: 0.4ms)


Started GET "/cats/1/edit" for ::1 at 2022-07-04 14:38:28 -0400
Processing by CatsController#edit as HTML
  Parameters: {"id"=>"1"}
  [1m[36mCat Load (0.3ms)[0m  [1m[34mSELECT  "cats".* FROM "cats" WHERE "cats"."id" = $1 LIMIT $2[0m  [["id", 1], ["LIMIT", 1]]
  ↳ app/controllers/cats_controller.rb:22
  Rendering cats/edit.html.erb within layouts/application
  Rendered cats/edit.html.erb within layouts/application (0.3ms)
Completed 200 OK in 284ms (Views: 282.8ms | ActiveRecord: 0.3ms)


Started GET "/cats/1/edit" for ::1 at 2022-07-04 14:38:32 -0400
Processing by CatsController#edit as HTML
  Parameters: {"id"=>"1"}
  [1m[36mCat Load (0.3ms)[0m  [1m[34mSELECT  "cats".* FROM "cats" WHERE "cats"."id" = $1 LIMIT $2[0m  [["id", 1], ["LIMIT", 1]]
  ↳ app/controllers/cats_controller.rb:22
  Rendering cats/edit.html.erb within layouts/application
  Rendered cats/edit.html.erb within layouts/application (0.2ms)
Completed 200 OK in 271ms (Views: 269.5ms | ActiveRecord: 0.3ms)


Started GET "/cats/1" for ::1 at 2022-07-04 14:39:10 -0400
Processing by CatsController#show as HTML
  Parameters: {"id"=>"1"}
  [1m[36mCat Load (0.3ms)[0m  [1m[34mSELECT  "cats".* FROM "cats" WHERE "cats"."id" = $1 LIMIT $2[0m  [["id", 1], ["LIMIT", 1]]
  ↳ app/controllers/cats_controller.rb:27
  Rendering cats/show.html.erb within layouts/application
  Rendered cats/show.html.erb within layouts/application (0.9ms)
Completed 200 OK in 281ms (Views: 279.0ms | ActiveRecord: 0.3ms)


Started GET "/cats" for ::1 at 2022-07-04 14:39:22 -0400
Processing by CatsController#index as HTML
  Rendering cats/index.html.erb within layouts/application
  [1m[36mCat Load (0.3ms)[0m  [1m[34mSELECT "cats".* FROM "cats"[0m
  ↳ app/views/cats/index.html.erb:4
  Rendered cats/index.html.erb within layouts/application (104.0ms)
Completed 500 Internal Server Error in 261ms (ActiveRecord: 0.3ms)



ActionView::MissingTemplate - Missing partial cats/_cat with {:locale=>[:en], :formats=>[:html], :variants=>[], :handlers=>[:raw, :erb, :html, :builder, :ruby, :coffee, :jbuilder]}. Searched in:
  * "/mnt/c/Users/Rizzy/Desktop/AAwork/my_cats/app/views":
  app/views/cats/index.html.erb:4:in `_app_views_cats_index_html_erb___1131958885131660785_47362988814200'
  app/controllers/cats_controller.rb:4:in `index'

Started POST "/__better_errors/f470c2f035256904/variables" for ::1 at 2022-07-04 14:39:22 -0400
Started GET "/cats" for ::1 at 2022-07-04 14:39:28 -0400
Processing by CatsController#index as HTML
  Rendering cats/index.html.erb within layouts/application
  [1m[36mCat Load (0.3ms)[0m  [1m[34mSELECT "cats".* FROM "cats"[0m
  ↳ app/views/cats/index.html.erb:4
  Rendered cats/index.html.erb within layouts/application (106.0ms)
Completed 500 Internal Server Error in 240ms (ActiveRecord: 0.3ms)



ActionView::MissingTemplate - Missing partial cats/_cat with {:locale=>[:en], :formats=>[:html], :variants=>[], :handlers=>[:raw, :erb, :html, :builder, :ruby, :coffee, :jbuilder]}. Searched in:
  * "/mnt/c/Users/Rizzy/Desktop/AAwork/my_cats/app/views":
  app/views/cats/index.html.erb:4:in `_app_views_cats_index_html_erb___1131958885131660785_69831154792520'
  app/controllers/cats_controller.rb:4:in `index'

Started POST "/__better_errors/70dc7686755c1805/variables" for ::1 at 2022-07-04 14:39:28 -0400
Started GET "/cats" for ::1 at 2022-07-04 14:41:51 -0400
  [1m[35m (0.6ms)[0m  [1m[34mSELECT "schema_migrations"."version" FROM "schema_migrations" ORDER BY "schema_migrations"."version" ASC[0m
  ↳ /home/rizwan/.rbenv/versions/2.5.1/lib/ruby/gems/2.5.0/gems/activerecord-5.2.8/lib/active_record/log_subscriber.rb:98
Processing by CatsController#index as HTML
  Rendering cats/index.html.erb within layouts/application
  [1m[36mCat Load (0.5ms)[0m  [1m[34mSELECT "cats".* FROM "cats"[0m
  ↳ app/views/cats/index.html.erb:4
  Rendered cats/index.html.erb within layouts/application (112.4ms)
Completed 500 Internal Server Error in 330ms (ActiveRecord: 3.0ms)



ActionView::MissingTemplate - Missing partial cats/_cat with {:locale=>[:en], :formats=>[:html], :variants=>[], :handlers=>[:raw, :erb, :html, :builder, :ruby, :coffee, :jbuilder]}. Searched in:
  * "/mnt/c/Users/Rizzy/Desktop/AAwork/my_cats/app/views":
  app/views/cats/index.html.erb:5:in `block in _app_views_cats_index_html_erb__3467229949421308920_46929451170500'
  app/views/cats/index.html.erb:4:in `_app_views_cats_index_html_erb__3467229949421308920_46929451170500'
  app/controllers/cats_controller.rb:4:in `index'

Started POST "/__better_errors/32cdc7f98a4293e1/variables" for ::1 at 2022-07-04 14:41:52 -0400
Started GET "/cats" for ::1 at 2022-07-04 14:44:10 -0400
Processing by CatsController#index as HTML
  Rendering cats/index.html.erb within layouts/application
  [1m[36mCat Load (0.5ms)[0m  [1m[34mSELECT "cats".* FROM "cats"[0m
  ↳ app/views/cats/index.html.erb:4
  Rendered cats/index.html.erb within layouts/application (2.8ms)
Completed 200 OK in 1006ms (Views: 1004.6ms | ActiveRecord: 0.5ms)


Started GET "/cats/1" for ::1 at 2022-07-04 14:44:16 -0400
Processing by CatsController#show as HTML
  Parameters: {"id"=>"1"}
  [1m[36mCat Load (0.2ms)[0m  [1m[34mSELECT  "cats".* FROM "cats" WHERE "cats"."id" = $1 LIMIT $2[0m  [["id", 1], ["LIMIT", 1]]
  ↳ app/controllers/cats_controller.rb:27
  Rendering cats/show.html.erb within layouts/application
  Rendered cats/show.html.erb within layouts/application (30.4ms)
Completed 200 OK in 423ms (Views: 344.4ms | ActiveRecord: 0.4ms)


Started GET "/cats/1" for ::1 at 2022-07-04 14:44:25 -0400
Processing by CatsController#show as HTML
  Parameters: {"id"=>"1"}
  [1m[36mCat Load (0.3ms)[0m  [1m[34mSELECT  "cats".* FROM "cats" WHERE "cats"."id" = $1 LIMIT $2[0m  [["id", 1], ["LIMIT", 1]]
  ↳ app/controllers/cats_controller.rb:27
  Rendering cats/show.html.erb within layouts/application
  Rendered cats/show.html.erb within layouts/application (0.8ms)
Completed 200 OK in 337ms (Views: 334.5ms | ActiveRecord: 0.3ms)


Started GET "/cats/1" for ::1 at 2022-07-04 14:44:27 -0400
Processing by CatsController#show as HTML
  Parameters: {"id"=>"1"}
  [1m[36mCat Load (0.3ms)[0m  [1m[34mSELECT  "cats".* FROM "cats" WHERE "cats"."id" = $1 LIMIT $2[0m  [["id", 1], ["LIMIT", 1]]
  ↳ app/controllers/cats_controller.rb:27
  Rendering cats/show.html.erb within layouts/application
  Rendered cats/show.html.erb within layouts/application (0.8ms)
Completed 200 OK in 330ms (Views: 328.3ms | ActiveRecord: 0.3ms)


Started GET "/cats/1" for ::1 at 2022-07-04 14:44:29 -0400
Processing by CatsController#show as HTML
  Parameters: {"id"=>"1"}
  [1m[36mCat Load (0.3ms)[0m  [1m[34mSELECT  "cats".* FROM "cats" WHERE "cats"."id" = $1 LIMIT $2[0m  [["id", 1], ["LIMIT", 1]]
  ↳ app/controllers/cats_controller.rb:27
  Rendering cats/show.html.erb within layouts/application
  Rendered cats/show.html.erb within layouts/application (0.9ms)
Completed 200 OK in 326ms (Views: 321.9ms | ActiveRecord: 0.3ms)


Started GET "/cats/1" for ::1 at 2022-07-04 14:44:31 -0400
Processing by CatsController#show as HTML
  Parameters: {"id"=>"1"}
  [1m[36mCat Load (0.3ms)[0m  [1m[34mSELECT  "cats".* FROM "cats" WHERE "cats"."id" = $1 LIMIT $2[0m  [["id", 1], ["LIMIT", 1]]
  ↳ app/controllers/cats_controller.rb:27
  Rendering cats/show.html.erb within layouts/application
  Rendered cats/show.html.erb within layouts/application (0.7ms)
Completed 200 OK in 327ms (Views: 324.7ms | ActiveRecord: 0.3ms)


Started GET "/cats/1" for ::1 at 2022-07-04 14:44:35 -0400
Processing by CatsController#show as HTML
  Parameters: {"id"=>"1"}
  [1m[36mCat Load (0.4ms)[0m  [1m[34mSELECT  "cats".* FROM "cats" WHERE "cats"."id" = $1 LIMIT $2[0m  [["id", 1], ["LIMIT", 1]]
  ↳ app/controllers/cats_controller.rb:27
  Rendering cats/show.html.erb within layouts/application
  Rendered cats/show.html.erb within layouts/application (0.7ms)
Completed 200 OK in 315ms (Views: 313.0ms | ActiveRecord: 0.4ms)


Started GET "/cats/1/edit" for ::1 at 2022-07-04 14:44:39 -0400
Processing by CatsController#edit as HTML
  Parameters: {"id"=>"1"}
  [1m[36mCat Load (0.3ms)[0m  [1m[34mSELECT  "cats".* FROM "cats" WHERE "cats"."id" = $1 LIMIT $2[0m  [["id", 1], ["LIMIT", 1]]
  ↳ app/controllers/cats_controller.rb:22
  Rendering cats/edit.html.erb within layouts/application
  Rendered cats/edit.html.erb within layouts/application (0.4ms)
Completed 200 OK in 331ms (Views: 328.8ms | ActiveRecord: 0.3ms)


Started GET "/cats" for ::1 at 2022-07-04 14:45:08 -0400
Processing by CatsController#index as HTML
  Rendering cats/index.html.erb within layouts/application
  [1m[36mCat Load (0.3ms)[0m  [1m[34mSELECT "cats".* FROM "cats"[0m
  ↳ app/views/cats/index.html.erb:4
  Rendered cats/index.html.erb within layouts/application (2.0ms)
Completed 200 OK in 347ms (Views: 346.5ms | ActiveRecord: 0.3ms)


Started GET "/cats" for ::1 at 2022-07-04 14:47:52 -0400
Processing by CatsController#index as HTML
  Rendering cats/index.html.erb within layouts/application
  [1m[36mCat Load (0.3ms)[0m  [1m[34mSELECT "cats".* FROM "cats"[0m
  ↳ app/views/cats/index.html.erb:4
  Rendered cats/index.html.erb within layouts/application (2.0ms)
Completed 200 OK in 365ms (Views: 364.0ms | ActiveRecord: 0.3ms)


Started GET "/cats/1" for ::1 at 2022-07-04 14:47:54 -0400
Processing by CatsController#show as HTML
  Parameters: {"id"=>"1"}
  [1m[36mCat Load (0.4ms)[0m  [1m[34mSELECT  "cats".* FROM "cats" WHERE "cats"."id" = $1 LIMIT $2[0m  [["id", 1], ["LIMIT", 1]]
  ↳ app/controllers/cats_controller.rb:27
  Rendering cats/show.html.erb within layouts/application
  Rendered cats/show.html.erb within layouts/application (0.9ms)
Completed 200 OK in 356ms (Views: 353.8ms | ActiveRecord: 0.4ms)


Started GET "/cats/1/edit" for ::1 at 2022-07-04 14:47:56 -0400
Processing by CatsController#edit as HTML
  Parameters: {"id"=>"1"}
  [1m[36mCat Load (0.2ms)[0m  [1m[34mSELECT  "cats".* FROM "cats" WHERE "cats"."id" = $1 LIMIT $2[0m  [["id", 1], ["LIMIT", 1]]
  ↳ app/controllers/cats_controller.rb:22
  Rendering cats/edit.html.erb within layouts/application
  Rendered cats/edit.html.erb within layouts/application (0.7ms)
Completed 200 OK in 346ms (Views: 343.9ms | ActiveRecord: 0.2ms)


Started GET "/cats" for ::1 at 2022-07-04 14:49:28 -0400
Processing by CatsController#index as HTML
  Rendering cats/index.html.erb within layouts/application
  [1m[36mCat Load (0.4ms)[0m  [1m[34mSELECT "cats".* FROM "cats"[0m
  ↳ app/views/cats/index.html.erb:4
  Rendered cats/index.html.erb within layouts/application (2.2ms)
Completed 200 OK in 324ms (Views: 323.6ms | ActiveRecord: 0.4ms)


Started GET "/cats/1" for ::1 at 2022-07-04 14:49:29 -0400
Processing by CatsController#show as HTML
  Parameters: {"id"=>"1"}
  [1m[36mCat Load (0.3ms)[0m  [1m[34mSELECT  "cats".* FROM "cats" WHERE "cats"."id" = $1 LIMIT $2[0m  [["id", 1], ["LIMIT", 1]]
  ↳ app/controllers/cats_controller.rb:27
  Rendering cats/show.html.erb within layouts/application
  Rendered cats/show.html.erb within layouts/application (0.8ms)
Completed 200 OK in 344ms (Views: 342.4ms | ActiveRecord: 0.3ms)


Started GET "/cats/1/edit" for ::1 at 2022-07-04 14:49:32 -0400
Processing by CatsController#edit as HTML
  Parameters: {"id"=>"1"}
  [1m[36mCat Load (0.2ms)[0m  [1m[34mSELECT  "cats".* FROM "cats" WHERE "cats"."id" = $1 LIMIT $2[0m  [["id", 1], ["LIMIT", 1]]
  ↳ app/controllers/cats_controller.rb:22
  Rendering cats/edit.html.erb within layouts/application
  Rendered cats/edit.html.erb within layouts/application (0.9ms)
Completed 200 OK in 342ms (Views: 339.8ms | ActiveRecord: 0.2ms)


Started PATCH "/cats" for ::1 at 2022-07-04 14:49:45 -0400
  
ActionController::RoutingError (No route matches [PATCH] "/cats"):
  
actionpack (5.2.8) lib/action_dispatch/middleware/debug_exceptions.rb:65:in `call'
web-console (3.7.0) lib/web_console/middleware.rb:135:in `call_app'
web-console (3.7.0) lib/web_console/middleware.rb:30:in `block in call'
web-console (3.7.0) lib/web_console/middleware.rb:20:in `catch'
web-console (3.7.0) lib/web_console/middleware.rb:20:in `call'
actionpack (5.2.8) lib/action_dispatch/middleware/show_exceptions.rb:33:in `call'
railties (5.2.8) lib/rails/rack/logger.rb:38:in `call_app'
railties (5.2.8) lib/rails/rack/logger.rb:26:in `block in call'
activesupport (5.2.8) lib/active_support/tagged_logging.rb:71:in `block in tagged'
activesupport (5.2.8) lib/active_support/tagged_logging.rb:28:in `tagged'
activesupport (5.2.8) lib/active_support/tagged_logging.rb:71:in `tagged'
railties (5.2.8) lib/rails/rack/logger.rb:26:in `call'
sprockets-rails (3.4.2) lib/sprockets/rails/quiet_assets.rb:13:in `call'
actionpack (5.2.8) lib/action_dispatch/middleware/remote_ip.rb:81:in `call'
actionpack (5.2.8) lib/action_dispatch/middleware/request_id.rb:27:in `call'
rack (2.2.4) lib/rack/method_override.rb:24:in `call'
rack (2.2.4) lib/rack/runtime.rb:22:in `call'
activesupport (5.2.8) lib/active_support/cache/strategy/local_cache_middleware.rb:29:in `call'
actionpack (5.2.8) lib/action_dispatch/middleware/executor.rb:14:in `call'
actionpack (5.2.8) lib/action_dispatch/middleware/static.rb:127:in `call'
rack (2.2.4) lib/rack/sendfile.rb:110:in `call'
railties (5.2.8) lib/rails/engine.rb:524:in `call'
puma (3.12.6) lib/puma/configuration.rb:227:in `call'
puma (3.12.6) lib/puma/server.rb:706:in `handle_request'
puma (3.12.6) lib/puma/server.rb:476:in `process_client'
puma (3.12.6) lib/puma/server.rb:334:in `block in run'
puma (3.12.6) lib/puma/thread_pool.rb:135:in `block in spawn_thread'
Started GET "/cats" for ::1 at 2022-07-04 14:50:32 -0400
  [1m[35m (0.5ms)[0m  [1m[34mSELECT "schema_migrations"."version" FROM "schema_migrations" ORDER BY "schema_migrations"."version" ASC[0m
  ↳ /home/rizwan/.rbenv/versions/2.5.1/lib/ruby/gems/2.5.0/gems/activerecord-5.2.8/lib/active_record/log_subscriber.rb:98
Processing by CatsController#index as HTML
  Rendering cats/index.html.erb within layouts/application
  [1m[36mCat Load (0.5ms)[0m  [1m[34mSELECT "cats".* FROM "cats"[0m
  ↳ app/views/cats/index.html.erb:4
  Rendered cats/index.html.erb within layouts/application (12.6ms)
Completed 200 OK in 1027ms (Views: 961.5ms | ActiveRecord: 3.9ms)


Started GET "/cats/1" for ::1 at 2022-07-04 14:50:34 -0400
Processing by CatsController#show as HTML
  Parameters: {"id"=>"1"}
  [1m[36mCat Load (0.3ms)[0m  [1m[34mSELECT  "cats".* FROM "cats" WHERE "cats"."id" = $1 LIMIT $2[0m  [["id", 1], ["LIMIT", 1]]
  ↳ app/controllers/cats_controller.rb:27
  Rendering cats/show.html.erb within layouts/application
  Rendered cats/show.html.erb within layouts/application (29.4ms)
Completed 200 OK in 433ms (Views: 429.0ms | ActiveRecord: 0.5ms)


Started GET "/cats/1/edit" for ::1 at 2022-07-04 14:50:36 -0400
Processing by CatsController#edit as HTML
  Parameters: {"id"=>"1"}
  [1m[36mCat Load (0.3ms)[0m  [1m[34mSELECT  "cats".* FROM "cats" WHERE "cats"."id" = $1 LIMIT $2[0m  [["id", 1], ["LIMIT", 1]]
  ↳ app/controllers/cats_controller.rb:22
  Rendering cats/edit.html.erb within layouts/application
  Rendered cats/edit.html.erb within layouts/application (0.8ms)
Completed 200 OK in 347ms (Views: 344.0ms | ActiveRecord: 0.3ms)


Started PATCH "/cats" for ::1 at 2022-07-04 14:50:37 -0400
  
ActionController::RoutingError (No route matches [PATCH] "/cats"):
  
actionpack (5.2.8) lib/action_dispatch/middleware/debug_exceptions.rb:65:in `call'
web-console (3.7.0) lib/web_console/middleware.rb:135:in `call_app'
web-console (3.7.0) lib/web_console/middleware.rb:30:in `block in call'
web-console (3.7.0) lib/web_console/middleware.rb:20:in `catch'
web-console (3.7.0) lib/web_console/middleware.rb:20:in `call'
actionpack (5.2.8) lib/action_dispatch/middleware/show_exceptions.rb:33:in `call'
railties (5.2.8) lib/rails/rack/logger.rb:38:in `call_app'
railties (5.2.8) lib/rails/rack/logger.rb:26:in `block in call'
activesupport (5.2.8) lib/active_support/tagged_logging.rb:71:in `block in tagged'
activesupport (5.2.8) lib/active_support/tagged_logging.rb:28:in `tagged'
activesupport (5.2.8) lib/active_support/tagged_logging.rb:71:in `tagged'
railties (5.2.8) lib/rails/rack/logger.rb:26:in `call'
sprockets-rails (3.4.2) lib/sprockets/rails/quiet_assets.rb:13:in `call'
actionpack (5.2.8) lib/action_dispatch/middleware/remote_ip.rb:81:in `call'
actionpack (5.2.8) lib/action_dispatch/middleware/request_id.rb:27:in `call'
rack (2.2.4) lib/rack/method_override.rb:24:in `call'
rack (2.2.4) lib/rack/runtime.rb:22:in `call'
activesupport (5.2.8) lib/active_support/cache/strategy/local_cache_middleware.rb:29:in `call'
actionpack (5.2.8) lib/action_dispatch/middleware/executor.rb:14:in `call'
actionpack (5.2.8) lib/action_dispatch/middleware/static.rb:127:in `call'
rack (2.2.4) lib/rack/sendfile.rb:110:in `call'
railties (5.2.8) lib/rails/engine.rb:524:in `call'
puma (3.12.6) lib/puma/configuration.rb:227:in `call'
puma (3.12.6) lib/puma/server.rb:706:in `handle_request'
puma (3.12.6) lib/puma/server.rb:476:in `process_client'
puma (3.12.6) lib/puma/server.rb:334:in `block in run'
puma (3.12.6) lib/puma/thread_pool.rb:135:in `block in spawn_thread'
Started GET "/cats" for ::1 at 2022-07-04 14:52:18 -0400
Processing by CatsController#index as HTML
  Rendering cats/index.html.erb within layouts/application
  [1m[36mCat Load (0.3ms)[0m  [1m[34mSELECT "cats".* FROM "cats"[0m
  ↳ app/views/cats/index.html.erb:4
  Rendered cats/index.html.erb within layouts/application (1.8ms)
Completed 200 OK in 351ms (Views: 350.5ms | ActiveRecord: 0.3ms)


Started GET "/cats/1" for ::1 at 2022-07-04 14:52:19 -0400
Processing by CatsController#show as HTML
  Parameters: {"id"=>"1"}
  [1m[36mCat Load (0.3ms)[0m  [1m[34mSELECT  "cats".* FROM "cats" WHERE "cats"."id" = $1 LIMIT $2[0m  [["id", 1], ["LIMIT", 1]]
  ↳ app/controllers/cats_controller.rb:27
  Rendering cats/show.html.erb within layouts/application
  Rendered cats/show.html.erb within layouts/application (0.9ms)
Completed 200 OK in 343ms (Views: 341.4ms | ActiveRecord: 0.3ms)


Started GET "/cats/1/edit" for ::1 at 2022-07-04 14:52:20 -0400
Processing by CatsController#edit as HTML
  Parameters: {"id"=>"1"}
  [1m[36mCat Load (0.4ms)[0m  [1m[34mSELECT  "cats".* FROM "cats" WHERE "cats"."id" = $1 LIMIT $2[0m  [["id", 1], ["LIMIT", 1]]
  ↳ app/controllers/cats_controller.rb:22
  Rendering cats/edit.html.erb within layouts/application
  Rendered cats/edit.html.erb within layouts/application (0.8ms)
Completed 200 OK in 341ms (Views: 338.4ms | ActiveRecord: 0.4ms)


Started PATCH "/cats/1" for ::1 at 2022-07-04 14:52:22 -0400
Processing by CatsController#update as HTML
  Parameters: {"cat"=>{"birth_date"=>"2022-06-09", "name"=>"victor", "color"=>"orange", "sex"=>"M", "description"=>"fattest cat of them all"}, "id"=>"1"}
  [1m[36mCat Load (0.3ms)[0m  [1m[34mSELECT  "cats".* FROM "cats" WHERE "cats"."id" = $1 LIMIT $2[0m  [["id", 1], ["LIMIT", 1]]
  ↳ app/controllers/cats_controller.rb:32
Completed 500 Internal Server Error in 5ms (ActiveRecord: 0.3ms)



ArgumentError - wrong number of arguments (given 0, expected 1):
  app/controllers/cats_controller.rb:33:in `update'

Started POST "/__better_errors/48e32d064cdc3885/variables" for ::1 at 2022-07-04 14:52:22 -0400
Started PATCH "/cats/1" for ::1 at 2022-07-04 14:52:41 -0400
Processing by CatsController#update as HTML
  Parameters: {"cat"=>{"birth_date"=>"2022-06-09", "name"=>"victor", "color"=>"orange", "sex"=>"F", "description"=>"fattest cat of them all"}, "id"=>"1"}
  [1m[36mCat Load (0.3ms)[0m  [1m[34mSELECT  "cats".* FROM "cats" WHERE "cats"."id" = $1 LIMIT $2[0m  [["id", 1], ["LIMIT", 1]]
  ↳ app/controllers/cats_controller.rb:32
Completed 500 Internal Server Error in 2ms (ActiveRecord: 0.3ms)



ArgumentError - wrong number of arguments (given 0, expected 1):
  app/controllers/cats_controller.rb:33:in `update'

Started POST "/__better_errors/26f3c3e7a91e597d/variables" for ::1 at 2022-07-04 14:52:41 -0400
Started GET "/cats/1" for ::1 at 2022-07-04 14:53:34 -0400
Processing by CatsController#show as HTML
  Parameters: {"id"=>"1"}
  [1m[36mCat Load (0.3ms)[0m  [1m[34mSELECT  "cats".* FROM "cats" WHERE "cats"."id" = $1 LIMIT $2[0m  [["id", 1], ["LIMIT", 1]]
  ↳ app/controllers/cats_controller.rb:27
  Rendering cats/show.html.erb within layouts/application
  Rendered cats/show.html.erb within layouts/application (0.9ms)
Completed 200 OK in 377ms (Views: 374.7ms | ActiveRecord: 0.3ms)


Started GET "/cats/1/edit" for ::1 at 2022-07-04 14:53:35 -0400
Processing by CatsController#edit as HTML
  Parameters: {"id"=>"1"}
  [1m[36mCat Load (0.2ms)[0m  [1m[34mSELECT  "cats".* FROM "cats" WHERE "cats"."id" = $1 LIMIT $2[0m  [["id", 1], ["LIMIT", 1]]
  ↳ app/controllers/cats_controller.rb:22
  Rendering cats/edit.html.erb within layouts/application
  Rendered cats/edit.html.erb within layouts/application (1.0ms)
Completed 200 OK in 340ms (Views: 337.6ms | ActiveRecord: 0.2ms)


Started PATCH "/cats/1" for ::1 at 2022-07-04 14:53:37 -0400
Processing by CatsController#update as HTML
  Parameters: {"cat"=>{"birth_date"=>"2022-06-09", "name"=>"victor", "color"=>"orange", "sex"=>"M", "description"=>"fattest cat of them all"}, "id"=>"1"}
  [1m[36mCat Load (0.3ms)[0m  [1m[34mSELECT  "cats".* FROM "cats" WHERE "cats"."id" = $1 LIMIT $2[0m  [["id", 1], ["LIMIT", 1]]
  ↳ app/controllers/cats_controller.rb:32
Completed 500 Internal Server Error in 4ms (ActiveRecord: 0.3ms)



ArgumentError - wrong number of arguments (given 0, expected 1):
  app/controllers/cats_controller.rb:33:in `update'

Started POST "/__better_errors/38a1fc6b40c3c86b/variables" for ::1 at 2022-07-04 14:53:38 -0400
Started PATCH "/cats/1" for ::1 at 2022-07-04 14:53:47 -0400
Processing by CatsController#update as HTML
  Parameters: {"cat"=>{"birth_date"=>"2022-06-09", "name"=>"victor", "color"=>"orange", "sex"=>"F", "description"=>"fattest cat of them all"}, "id"=>"1"}
  [1m[36mCat Load (0.4ms)[0m  [1m[34mSELECT  "cats".* FROM "cats" WHERE "cats"."id" = $1 LIMIT $2[0m  [["id", 1], ["LIMIT", 1]]
  ↳ app/controllers/cats_controller.rb:32
Completed 500 Internal Server Error in 3ms (ActiveRecord: 0.4ms)



ArgumentError - wrong number of arguments (given 0, expected 1):
  app/controllers/cats_controller.rb:33:in `update'

Started POST "/__better_errors/a2c27575137f7032/variables" for ::1 at 2022-07-04 14:53:47 -0400
Started PATCH "/cats/1" for ::1 at 2022-07-04 14:54:16 -0400
  [1m[35m (0.4ms)[0m  [1m[34mSELECT "schema_migrations"."version" FROM "schema_migrations" ORDER BY "schema_migrations"."version" ASC[0m
  ↳ /home/rizwan/.rbenv/versions/2.5.1/lib/ruby/gems/2.5.0/gems/activerecord-5.2.8/lib/active_record/log_subscriber.rb:98
Processing by CatsController#update as HTML
  Parameters: {"cat"=>{"birth_date"=>"2022-06-09", "name"=>"victor", "color"=>"orange", "sex"=>"M", "description"=>"fattest cat of them all"}, "id"=>"1"}
  [1m[36mCat Load (0.6ms)[0m  [1m[34mSELECT  "cats".* FROM "cats" WHERE "cats"."id" = $1 LIMIT $2[0m  [["id", 1], ["LIMIT", 1]]
  ↳ app/controllers/cats_controller.rb:32
  [1m[35m (0.2ms)[0m  [1m[35mBEGIN[0m
  ↳ app/controllers/cats_controller.rb:33
  [1m[35m (0.2ms)[0m  [1m[35mCOMMIT[0m
  ↳ app/controllers/cats_controller.rb:33
Redirected to http://localhost:3000/cats/1
Completed 302 Found in 84ms (ActiveRecord: 4.0ms)


Started GET "/cats/1" for ::1 at 2022-07-04 14:54:16 -0400
Processing by CatsController#show as HTML
  Parameters: {"id"=>"1"}
  [1m[36mCat Load (0.3ms)[0m  [1m[34mSELECT  "cats".* FROM "cats" WHERE "cats"."id" = $1 LIMIT $2[0m  [["id", 1], ["LIMIT", 1]]
  ↳ app/controllers/cats_controller.rb:27
  Rendering cats/show.html.erb within layouts/application
  Rendered cats/show.html.erb within layouts/application (29.0ms)
Completed 200 OK in 1049ms (Views: 1047.5ms | ActiveRecord: 0.3ms)


Started GET "/cats/1/edit" for ::1 at 2022-07-04 14:54:20 -0400
Processing by CatsController#edit as HTML
  Parameters: {"id"=>"1"}
  [1m[36mCat Load (0.4ms)[0m  [1m[34mSELECT  "cats".* FROM "cats" WHERE "cats"."id" = $1 LIMIT $2[0m  [["id", 1], ["LIMIT", 1]]
  ↳ app/controllers/cats_controller.rb:22
  Rendering cats/edit.html.erb within layouts/application
  Rendered cats/edit.html.erb within layouts/application (1.1ms)
Completed 200 OK in 345ms (Views: 342.4ms | ActiveRecord: 0.4ms)


Started PATCH "/cats/1" for ::1 at 2022-07-04 14:54:27 -0400
Processing by CatsController#update as HTML
  Parameters: {"cat"=>{"birth_date"=>"2022-06-09", "name"=>"victor", "color"=>"orange", "sex"=>"M", "description"=>"fattest cat of them all."}, "id"=>"1"}
  [1m[36mCat Load (0.4ms)[0m  [1m[34mSELECT  "cats".* FROM "cats" WHERE "cats"."id" = $1 LIMIT $2[0m  [["id", 1], ["LIMIT", 1]]
  ↳ app/controllers/cats_controller.rb:32
  [1m[35m (0.2ms)[0m  [1m[35mBEGIN[0m
  ↳ app/controllers/cats_controller.rb:33
  [1m[36mCat Update (0.5ms)[0m  [1m[33mUPDATE "cats" SET "description" = $1, "updated_at" = $2 WHERE "cats"."id" = $3[0m  [["description", "fattest cat of them all."], ["updated_at", "2022-07-04 18:54:27.215024"], ["id", 1]]
  ↳ app/controllers/cats_controller.rb:33
  [1m[35m (5.9ms)[0m  [1m[35mCOMMIT[0m
  ↳ app/controllers/cats_controller.rb:33
Redirected to http://localhost:3000/cats/1
Completed 302 Found in 14ms (ActiveRecord: 6.9ms)


Started GET "/cats/1" for ::1 at 2022-07-04 14:54:27 -0400
Processing by CatsController#show as HTML
  Parameters: {"id"=>"1"}
  [1m[36mCat Load (0.4ms)[0m  [1m[34mSELECT  "cats".* FROM "cats" WHERE "cats"."id" = $1 LIMIT $2[0m  [["id", 1], ["LIMIT", 1]]
  ↳ app/controllers/cats_controller.rb:27
  Rendering cats/show.html.erb within layouts/application
  Rendered cats/show.html.erb within layouts/application (0.9ms)
Completed 200 OK in 338ms (Views: 335.7ms | ActiveRecord: 0.4ms)


Started GET "/cats/1/edit" for ::1 at 2022-07-04 14:55:09 -0400
  [1m[35m (0.6ms)[0m  [1m[34mSELECT "schema_migrations"."version" FROM "schema_migrations" ORDER BY "schema_migrations"."version" ASC[0m
  ↳ /home/rizwan/.rbenv/versions/2.5.1/lib/ruby/gems/2.5.0/gems/activerecord-5.2.8/lib/active_record/log_subscriber.rb:98
Processing by CatsController#edit as HTML
  Parameters: {"id"=>"1"}
  [1m[36mCat Load (0.3ms)[0m  [1m[34mSELECT  "cats".* FROM "cats" WHERE "cats"."id" = $1 LIMIT $2[0m  [["id", 1], ["LIMIT", 1]]
  ↳ app/controllers/cats_controller.rb:22
  Rendering cats/edit.html.erb within layouts/application
  Rendered cats/edit.html.erb within layouts/application (1.3ms)
Completed 200 OK in 870ms (Views: 806.3ms | ActiveRecord: 3.3ms)


Started PATCH "/cats/1" for ::1 at 2022-07-04 14:55:13 -0400
Processing by CatsController#update as HTML
  Parameters: {"cat"=>{"birth_date"=>"2022-06-09", "name"=>"victor", "color"=>"orange", "sex"=>"M", "description"=>"fattest cat of them all"}, "id"=>"1"}
  [1m[36mCat Load (0.4ms)[0m  [1m[34mSELECT  "cats".* FROM "cats" WHERE "cats"."id" = $1 LIMIT $2[0m  [["id", 1], ["LIMIT", 1]]
  ↳ app/controllers/cats_controller.rb:32
  [1m[35m (0.2ms)[0m  [1m[35mBEGIN[0m
  ↳ app/controllers/cats_controller.rb:33
  [1m[36mCat Update (0.5ms)[0m  [1m[33mUPDATE "cats" SET "description" = $1, "updated_at" = $2 WHERE "cats"."id" = $3[0m  [["description", "fattest cat of them all"], ["updated_at", "2022-07-04 18:55:13.714868"], ["id", 1]]
  ↳ app/controllers/cats_controller.rb:33
  [1m[35m (5.6ms)[0m  [1m[35mCOMMIT[0m
  ↳ app/controllers/cats_controller.rb:33
Redirected to http://localhost:3000/cats/1
Completed 302 Found in 20ms (ActiveRecord: 6.6ms)


Started GET "/cats/1" for ::1 at 2022-07-04 14:55:13 -0400
Processing by CatsController#show as HTML
  Parameters: {"id"=>"1"}
  [1m[36mCat Load (0.3ms)[0m  [1m[34mSELECT  "cats".* FROM "cats" WHERE "cats"."id" = $1 LIMIT $2[0m  [["id", 1], ["LIMIT", 1]]
  ↳ app/controllers/cats_controller.rb:27
  Rendering cats/show.html.erb within layouts/application
  Rendered cats/show.html.erb within layouts/application (24.2ms)
Completed 200 OK in 314ms (Views: 311.9ms | ActiveRecord: 0.3ms)


Started GET "/cats" for ::1 at 2022-07-04 16:59:41 -0400
  [1m[35m (0.4ms)[0m  [1m[34mSELECT "schema_migrations"."version" FROM "schema_migrations" ORDER BY "schema_migrations"."version" ASC[0m
  ↳ /home/rizwan/.rbenv/versions/2.5.1/lib/ruby/gems/2.5.0/gems/activerecord-5.2.8/lib/active_record/log_subscriber.rb:98
Processing by CatsController#index as HTML
  Rendering cats/index.html.erb within layouts/application
  [1m[36mCat Load (0.4ms)[0m  [1m[34mSELECT "cats".* FROM "cats"[0m
  ↳ app/views/cats/index.html.erb:4
  Rendered cats/index.html.erb within layouts/application (10.6ms)
Completed 200 OK in 990ms (Views: 933.5ms | ActiveRecord: 3.1ms)


Started GET "/cats/1" for ::1 at 2022-07-04 16:59:43 -0400
Processing by CatsController#show as HTML
  Parameters: {"id"=>"1"}
  [1m[36mCat Load (0.3ms)[0m  [1m[34mSELECT  "cats".* FROM "cats" WHERE "cats"."id" = $1 LIMIT $2[0m  [["id", 1], ["LIMIT", 1]]
  ↳ app/controllers/cats_controller.rb:27
  Rendering cats/show.html.erb within layouts/application
  Rendered cats/show.html.erb within layouts/application (24.4ms)
Completed 200 OK in 361ms (Views: 357.1ms | ActiveRecord: 0.5ms)


Started GET "/cats/1/edit" for ::1 at 2022-07-04 16:59:44 -0400
Processing by CatsController#edit as HTML
  Parameters: {"id"=>"1"}
  [1m[36mCat Load (0.3ms)[0m  [1m[34mSELECT  "cats".* FROM "cats" WHERE "cats"."id" = $1 LIMIT $2[0m  [["id", 1], ["LIMIT", 1]]
  ↳ app/controllers/cats_controller.rb:22
  Rendering cats/edit.html.erb within layouts/application
  Rendered cats/_form.html.erb (0.7ms)
  Rendered cats/edit.html.erb within layouts/application (61.4ms)
Completed 200 OK in 412ms (Views: 408.9ms | ActiveRecord: 0.3ms)


Started PATCH "/cats/1" for ::1 at 2022-07-04 16:59:48 -0400
Processing by CatsController#update as HTML
  Parameters: {"cat"=>{"birth_date"=>"2022-06-09", "name"=>"victor", "color"=>"orange", "sex"=>"M", "description"=>"fattest cat of them all."}, "id"=>"1"}
  [1m[36mCat Load (0.4ms)[0m  [1m[34mSELECT  "cats".* FROM "cats" WHERE "cats"."id" = $1 LIMIT $2[0m  [["id", 1], ["LIMIT", 1]]
  ↳ app/controllers/cats_controller.rb:32
  [1m[35m (0.4ms)[0m  [1m[35mBEGIN[0m
  ↳ app/controllers/cats_controller.rb:33
  [1m[36mCat Update (0.6ms)[0m  [1m[33mUPDATE "cats" SET "description" = $1, "updated_at" = $2 WHERE "cats"."id" = $3[0m  [["description", "fattest cat of them all."], ["updated_at", "2022-07-04 20:59:48.714137"], ["id", 1]]
  ↳ app/controllers/cats_controller.rb:33
  [1m[35m (5.1ms)[0m  [1m[35mCOMMIT[0m
  ↳ app/controllers/cats_controller.rb:33
Redirected to http://localhost:3000/cats/1
Completed 302 Found in 15ms (ActiveRecord: 6.5ms)


Started GET "/cats/1" for ::1 at 2022-07-04 16:59:48 -0400
Processing by CatsController#show as HTML
  Parameters: {"id"=>"1"}
  [1m[36mCat Load (0.3ms)[0m  [1m[34mSELECT  "cats".* FROM "cats" WHERE "cats"."id" = $1 LIMIT $2[0m  [["id", 1], ["LIMIT", 1]]
  ↳ app/controllers/cats_controller.rb:27
  Rendering cats/show.html.erb within layouts/application
  Rendered cats/show.html.erb within layouts/application (0.8ms)
Completed 200 OK in 333ms (Views: 331.4ms | ActiveRecord: 0.3ms)


